<?xml version="1.0" encoding="UTF-8"?>
<!-- Generated by org.testng.reporters.JUnitReportReporter -->
<testsuite skipped="0" hostname="DESKTOP-9PKPNVV" name="qaautomation.may2022.APITestAfterRefactor" tests="4" failures="0" timestamp="2022-05-29T15:23:04 ICT" time="18.489" errors="0">
  <testcase name="fakerTest" time="1.969" classname="qaautomation.may2022.APITestAfterRefactor"/>
  <system-out/>
  <testcase name="userAPI" time="3.350" classname="qaautomation.may2022.APITestAfterRefactor"/>
  <system-out/>
  <testcase name="dashboardAPI" time="9.256" classname="qaautomation.may2022.APITestAfterRefactor"/>
  <system-out/>
  <testcase name="configAPI" time="3.914" classname="qaautomation.may2022.APITestAfterRefactor"/>
  <system-out/>
</testsuite> <!-- qaautomation.may2022.APITestAfterRefactor -->
